[ 1146.724409] [ 1431]     0  1431    59149       93    98304      415             0 bash
[ 1146.728071] [ 1583]     0  1583    59149        1    90112      506             0 bash
[ 1146.729851] [ 6469]     0  6469    55622       47    73728       28             0 bash
[ 1146.731633] [ 6472]     0  6472   659852   417073  4915200   187226             0 bash
[ 1146.735203] [ 9582]     0  9582    55622       50    69632       24             0 bash
[ 1146.742194] Out of memory: Killed process 6472 (bash) total-vm:2639408kB, anon-rss:1668292kB, file-rss:0kB, shmem-rss:0kB, UID:0
[ 1147.102237] oom_reaper: reaped process 6472 (bash), now anon-rss:0kB, file-rss:0kB, shmem-rss:0kB
[ 1660.827052] [ 1431]     0  1431    59149       11    98304      498             0 bash
[ 1660.831741] [ 1583]     0  1583    59149        1    90112      506             0 bash
[ 1660.838733] [ 9910]     0  9910    59149      176    81920      333             0 bash
[ 1660.841080] [ 9913]     0  9913   661861   415796  4911104   187442             0 bash
[ 1660.843381] [13064]     0 13064    59149      175    81920      333             0 bash
[ 1660.854624] Out of memory: Killed process 9913 (bash) total-vm:2647444kB, anon-rss:1663184kB, file-rss:0kB, shmem-rss:0kB, UID:0
[ 2021.675854] bash invoked oom-killer: gfp_mask=0x6200ca(GFP_HIGHUSER_MOVABLE), nodemask=(null), order=0, oom_score_adj=0
[ 2021.680910] bash cpuset=/ mems_allowed=0
[ 2021.682602] CPU: 0 PID: 13329 Comm: bash Kdump: loaded Tainted: G                 ---------r-  - 4.18.0-193.el8.x86_64 #1
[ 2021.898306] [ 1431]     0  1431    59149       33    98304      476             0 bash
[ 2021.902054] [ 1583]     0  1583    59149        1    90112      506             0 bash
[ 2021.909196] [13324]     0 13324    59149      179    81920      330             0 bash
[ 2021.910962] [13329]     0 13329   396937   245355  2789376    92910             0 bash
[ 2021.912757] [13330]     0 13330   318793   165915  2162688    94219             0 bash
[ 2021.914531] [17221]     0 17221    59149      180    81920      328             0 bash
[ 2021.923014] Out of memory: Killed process 13329 (bash) total-vm:1587748kB, anon-rss:981420kB, file-rss:0kB, shmem-rss:0kB, UID:0
[ 2022.090552] oom_reaper: reaped process 13329 (bash), now anon-rss:0kB, file-rss:0kB, shmem-rss:0kB
[ 2196.731148] bash invoked oom-killer: gfp_mask=0x6200ca(GFP_HIGHUSER_MOVABLE), nodemask=(null), order=0, oom_score_adj=0
[ 2196.736792] bash cpuset=/ mems_allowed=0
[ 2196.738761] CPU: 0 PID: 13330 Comm: bash Kdump: loaded Tainted: G                 ---------r-  - 4.18.0-193.el8.x86_64 #1
[ 2196.956537] [ 1431]     0  1431    59149        7    98304      502             0 bash
[ 2196.960147] [ 1583]     0  1583    59149        1    90112      506             0 bash
[ 2196.967270] [13324]     0 13324    59182      243    81920      302             0 bash
[ 2196.969044] [13330]     0 13330   663313   417589  4923392   187062             0 bash
[ 2196.970817] [20067]     0 20067    59182      243    81920      301             0 bash
[ 2196.977602] Out of memory: Killed process 13330 (bash) total-vm:2653252kB, anon-rss:1670356kB, file-rss:0kB, shmem-rss:0kB, UID:0
[ 2197.314475] oom_reaper: reaped process 13330 (bash), now anon-rss:0kB, file-rss:0kB, shmem-rss:0kB
[ 2889.222379] bash invoked oom-killer: gfp_mask=0x6200ca(GFP_HIGHUSER_MOVABLE), nodemask=(null), order=0, oom_score_adj=0
[ 2889.227463] bash cpuset=/ mems_allowed=0
[ 2889.229176] CPU: 0 PID: 20428 Comm: bash Kdump: loaded Tainted: G                 ---------r-  - 4.18.0-193.el8.x86_64 #1
[ 2889.445839] [ 1431]     0  1431    59149       48    98304      468             0 bash
[ 2889.449513] [ 1583]     0  1583    59149        1    90112      506             0 bash
[ 2889.456657] [20392]     0 20392   120434    58121   598016     6724             0 bash
[ 2889.458468] [20396]     0 20396   119114    39518   585728    24004             0 bash
[ 2889.460325] [20400]     0 20400   117530    39697   573440    22237             0 bash
[ 2889.462071] [20404]     0 20404   116441    39722   565248    21154             0 bash
[ 2889.463739] [20408]     0 20408   116144    40134   565248    20423             0 bash
[ 2889.465415] [20412]     0 20412   114593    39513   552960    19495             0 bash
[ 2889.467059] [20416]     0 20416   114065    39657   548864    18845             0 bash
[ 2889.468678] [20420]     0 20420   114065    39998   548864    18495             0 bash
[ 2889.470290] [20424]     0 20424   113966    40327   544768    18045             0 bash
[ 2889.471874] [20428]     0 20428   113339    40123   540672    17637             0 bash
[ 2889.473423] Out of memory: Killed process 20392 (bash) total-vm:481736kB, anon-rss:232484kB, file-rss:0kB, shmem-rss:0kB, UID:0
[ 2889.642647] oom_reaper: reaped process 20392 (bash), now anon-rss:0kB, file-rss:0kB, shmem-rss:0kB
[ 2912.835539] bash invoked oom-killer: gfp_mask=0x6200ca(GFP_HIGHUSER_MOVABLE), nodemask=(null), order=0, oom_score_adj=0
[ 2912.840698] bash cpuset=/ mems_allowed=0
[ 2912.842302] CPU: 0 PID: 20404 Comm: bash Kdump: loaded Tainted: G                 ---------r-  - 4.18.0-193.el8.x86_64 #1
[ 2913.059206] [ 1431]     0  1431    59149       48    98304      468             0 bash
[ 2913.062863] [ 1583]     0  1583    59149        1    90112      506             0 bash
[ 2913.070049] [20396]     0 20396   126671    46295   647168    24799             0 bash
[ 2913.071852] [20400]     0 20400   125186    46651   634880    22959             0 bash
[ 2913.073638] [20404]     0 20404   123965    46426   626688    21942             0 bash
[ 2913.075380] [20408]     0 20408   123668    46893   622592    21200             0 bash
[ 2913.077052] [20412]     0 20412   122183    46299   610304    20281             0 bash
[ 2913.078709] [20416]     0 20416   121688    46447   606208    19634             0 bash
[ 2913.080328] [20420]     0 20420   121721    46897   606208    19238             0 bash
[ 2913.081943] [20424]     0 20424   121589    47260   606208    18740             0 bash
[ 2913.083522] [20428]     0 20428   120995    46952   602112    18437             0 bash
[ 2913.085101] Out of memory: Killed process 20396 (bash) total-vm:506684kB, anon-rss:185180kB, file-rss:0kB, shmem-rss:0kB, UID:0
[ 2913.217566] oom_reaper: reaped process 20396 (bash), now anon-rss:0kB, file-rss:0kB, shmem-rss:0kB
[ 2936.399075] [ 1431]     0  1431    59149       48    98304      468             0 bash
[ 2936.402730] [ 1583]     0  1583    59149        1    90112      506             0 bash
[ 2936.409874] [20400]     0 20400   133898    52271   704512    26054             0 bash
[ 2936.411665] [20404]     0 20404   132743    52099   696320    25065             0 bash
[ 2936.413443] [20408]     0 20408   132380    52490   692224    24325             0 bash
[ 2936.415169] [20412]     0 20412   130862    51947   679936    23351             0 bash
[ 2936.416856] [20416]     0 20416   130400    52192   675840    22629             0 bash
[ 2936.418536] [20420]     0 20420   130433    52543   679936    22312             0 bash
[ 2936.420150] [20424]     0 20424   130400    52925   679936    21925             0 bash
[ 2936.421758] [20428]     0 20428   129641    52519   671744    21530             0 bash
[ 2936.423371] Out of memory: Killed process 20400 (bash) total-vm:535592kB, anon-rss:209080kB, file-rss:4kB, shmem-rss:0kB, UID:0
[ 2961.779243] bash invoked oom-killer: gfp_mask=0x6200ca(GFP_HIGHUSER_MOVABLE), nodemask=(null), order=0, oom_score_adj=0
[ 2961.784269] bash cpuset=/ mems_allowed=0
[ 2961.785960] CPU: 0 PID: 20428 Comm: bash Kdump: loaded Tainted: G                 ---------r-  - 4.18.0-193.el8.x86_64 #1
[ 2962.005894] [ 1431]     0  1431    59149       48    98304      468             0 bash
[ 2962.009554] [ 1583]     0  1583    59149        1    90112      506             0 bash
[ 2962.016686] [20404]     0 20404   143171    58765   782336    28851             0 bash
[ 2962.018475] [20408]     0 20408   143303    59590   786432    28137             0 bash
[ 2962.020260] [20412]     0 20412   141653    58992   770048    27093             0 bash
[ 2962.022010] [20416]     0 20416   141158    59205   770048    26383             0 bash
[ 2962.023729] [20420]     0 20420   140267    58623   761856    26079             0 bash
[ 2962.025401] [20424]     0 20424   140729    59489   765952    25650             0 bash
[ 2962.027020] [20428]     0 20428   140300    59480   761856    25275             0 bash
[ 2962.028651] Out of memory: Killed process 20408 (bash) total-vm:573212kB, anon-rss:238360kB, file-rss:0kB, shmem-rss:0kB, UID:0
[ 2995.097017] bash invoked oom-killer: gfp_mask=0x6200ca(GFP_HIGHUSER_MOVABLE), nodemask=(null), order=0, oom_score_adj=0
[ 2995.100259] bash cpuset=/ mems_allowed=0
[ 2995.101827] CPU: 0 PID: 20420 Comm: bash Kdump: loaded Tainted: G                 ---------r-  - 4.18.0-193.el8.x86_64 #1
[ 2995.332183] [ 1431]     0  1431    59149       48    98304      468             0 bash
[ 2995.335825] [ 1583]     0  1583    59149        1    90112      506             0 bash
[ 2995.342997] [20404]     0 20404   158648    69586   909312    33502             0 bash
[ 2995.344776] [20412]     0 20412   156965    69732   892928    31665             0 bash
[ 2995.346584] [20416]     0 20416   156635    70057   892928    30979             0 bash
[ 2995.348353] [20420]     0 20420   155612    69174   884736    30861             0 bash
[ 2995.350032] [20424]     0 20424   156206    70273   888832    30337             0 bash
[ 2995.351721] [20428]     0 20428   155645    70110   884736    29986             0 bash
[ 2995.353411] Out of memory: Killed process 20404 (bash) total-vm:634592kB, anon-rss:278344kB, file-rss:0kB, shmem-rss:0kB, UID:0
[ 2995.494279] oom_reaper: reaped process 20404 (bash), now anon-rss:0kB, file-rss:0kB, shmem-rss:0kB
[ 3031.747064] [ 1431]     0  1431    59149       48    98304      468             0 bash
[ 3031.750701] [ 1583]     0  1583    59149        1    90112      506             0 bash
[ 3031.757828] [20412]     0 20412   177128    83256  1056768    38278             0 bash
[ 3031.759619] [20416]     0 20416   177062    83924  1056768    37595             0 bash
[ 3031.761405] [20420]     0 20420   176072    82995  1048576    37519             0 bash
[ 3031.763145] [20424]     0 20424   176732    84078  1052672    37093             0 bash
[ 3031.764820] [20428]     0 20428   176006    83747  1048576    36681             0 bash
[ 3031.766505] Out of memory: Killed process 20412 (bash) total-vm:708512kB, anon-rss:333024kB, file-rss:0kB, shmem-rss:0kB, UID:0
[ 3070.351276] [ 1431]     0  1431    59149       48    98304      468             0 bash
[ 3070.354935] [ 1583]     0  1583    59149        1    90112      506             0 bash
[ 3070.362134] [20416]     0 20416   205904   103154  1286144    47180             0 bash
[ 3070.363953] [20420]     0 20420   205013   102331  1277952    47137             0 bash
[ 3070.365759] [20424]     0 20424   205640   103315  1282048    46777             0 bash
[ 3070.367514] [20428]     0 20428   204749   102907  1277952    46279             0 bash
[ 3070.375847] Out of memory: Killed process 20416 (bash) total-vm:823616kB, anon-rss:412616kB, file-rss:0kB, shmem-rss:0kB, UID:0
[ 3124.414951] [ 1431]     0  1431    59149       48    98304      468             0 bash
[ 3124.418635] [ 1583]     0  1583    59149        1    90112      506             0 bash
[ 3124.424030] [20420]     0 20420   256493   138032  1691648    62880             0 bash
[ 3124.425878] [20424]     0 20424   257153   138961  1695744    62622             0 bash
[ 3124.427660] [20428]     0 20428   256130   138646  1687552    61891             0 bash
[ 3124.429501] Out of memory: Killed process 20424 (bash) total-vm:1028612kB, anon-rss:555840kB, file-rss:4kB, shmem-rss:0kB, UID:0
[ 3192.721549] bash invoked oom-killer: gfp_mask=0x6200ca(GFP_HIGHUSER_MOVABLE), nodemask=(null), order=0, oom_score_adj=0
[ 3192.724993] bash cpuset=/ mems_allowed=0
[ 3192.726667] CPU: 0 PID: 20428 Comm: bash Kdump: loaded Tainted: G                 ---------r-  - 4.18.0-193.el8.x86_64 #1
[ 3192.944869] [ 1431]     0  1431    59149       48    98304      468             0 bash
[ 3192.948567] [ 1583]     0  1583    59149        1    90112      506             0 bash
[ 3192.953921] [20420]     0 20420   358430   209231  2506752    93635             0 bash
[ 3192.955768] [20428]     0 20428   357968   208774  2502656    93632             0 bash
[ 3192.957552] Out of memory: Killed process 20420 (bash) total-vm:1433720kB, anon-rss:836924kB, file-rss:0kB, shmem-rss:0kB, UID:0
[ 3193.240549] oom_reaper: reaped process 20420 (bash), now anon-rss:0kB, file-rss:0kB, shmem-rss:0kB
[ 3617.976402] bash invoked oom-killer: gfp_mask=0x6280ca(GFP_HIGHUSER_MOVABLE|__GFP_ZERO), nodemask=(null), order=0, oom_score_adj=0
[ 3617.978931] bash cpuset=/ mems_allowed=0
[ 3617.980309] CPU: 0 PID: 20556 Comm: bash Kdump: loaded Tainted: G                 ---------r-  - 4.18.0-193.el8.x86_64 #1
[ 3618.193126] [ 1431]     0  1431    59149      122    98304      394             0 bash
[ 3618.196721] [ 1583]     0  1583    59149        1    90112      506             0 bash
[ 3618.201969] [20472]     0 20472    85718    27239   311296     2875             0 bash
[ 3618.203767] [20476]     0 20476    82946    13427   286720    13913             0 bash
[ 3618.205526] [20480]     0 20480    81230    13462   274432    12164             0 bash
[ 3618.207310] [20484]     0 20484    79844    13202   262144    11037             0 bash
[ 3618.209023] [20488]     0 20488    79151    13514   258048    10065             0 bash
[ 3618.210671] [20492]     0 20492    78557    13552   253952     9433             0 bash
[ 3618.212295] [20496]     0 20496    77831    13380   245760     8879             0 bash
[ 3618.213922] [20500]     0 20500    77402    13454   241664     8343             0 bash
[ 3618.215538] [20504]     0 20504    76808    13276   237568     7927             0 bash
[ 3618.217111] [20508]     0 20508    76544    13491   237568     7447             0 bash
[ 3618.218758] [20512]     0 20512    75917    13314   229376     7029             0 bash
[ 3618.220356] [20516]     0 20516    75785    13451   229376     6696             0 bash
[ 3618.221861] [20520]     0 20520    75455    13427   229376     6456             0 bash
[ 3618.223364] [20524]     0 20524    75389    13664   225280     6153             0 bash
[ 3618.224843] [20528]     0 20528    75092    13582   225280     5905             0 bash
[ 3618.226302] [20532]     0 20532    74663    13448   221184     5643             0 bash
[ 3618.227766] [20536]     0 20536    74663    13687   221184     5404             0 bash
[ 3618.229201] [20540]     0 20540    74135    13391   217088     5170             0 bash
[ 3618.230633] [20544]     0 20544    73871    13310   212992     4987             0 bash
[ 3618.232040] [20548]     0 20548    73937    13631   217088     4734             0 bash
[ 3618.233436] [20552]     0 20552    73739    13679   212992     4488             0 bash
[ 3618.234834] [20556]     0 20556    73310    13374   208896     4331             0 bash
[ 3618.236220] [20560]     0 20560    73475    13708   212992     4195             0 bash
[ 3618.237593] [20564]     0 20564    73145    13525   208896     4047             0 bash
[ 3618.238952] [20568]     0 20568    72914    13600   208896     3709             0 bash
[ 3618.240286] [20572]     0 20572    72617    13469   204800     3576             0 bash
[ 3618.241612] [20576]     0 20576    72716    13608   204800     3503             0 bash
[ 3618.242924] [20580]     0 20580    72419    13561   204800     3286             0 bash
[ 3618.244189] [20584]     0 20584    72353    13630   204800     3151             0 bash
[ 3618.245446] [20588]     0 20588    72188    13533   200704     3050             0 bash
[ 3618.246697] Out of memory: Killed process 20472 (bash) total-vm:342872kB, anon-rss:108952kB, file-rss:4kB, shmem-rss:0kB, UID:0
[ 3629.821927] [ 1431]     0  1431    59149      122    98304      394             0 bash
[ 3629.825645] [ 1583]     0  1583    59149        1    90112      506             0 bash
[ 3629.830995] [20476]     0 20476    84068    14484   294912    14010             0 bash
[ 3629.832853] [20480]     0 20480    82319    14492   282624    12273             0 bash
[ 3629.834647] [20484]     0 20484    80966    14358   270336    11139             0 bash
[ 3629.836434] [20488]     0 20488    80273    14557   266240    10168             0 bash
[ 3629.838195] [20492]     0 20492    79580    14482   262144     9522             0 bash
[ 3629.839838] [20496]     0 20496    78953    14428   253952     8971             0 bash
[ 3629.841583] [20500]     0 20500    78491    14496   253952     8444             0 bash
[ 3629.843215] [20504]     0 20504    77930    14290   245760     8060             0 bash
[ 3629.844862] [20508]     0 20508    77666    14559   245760     7522             0 bash
[ 3629.846450] [20512]     0 20512    77006    14339   241664     7154             0 bash
[ 3629.848010] [20516]     0 20516    76874    14487   237568     6811             0 bash
[ 3629.849587] [20520]     0 20520    76511    14386   237568     6577             0 bash
[ 3629.851106] [20524]     0 20524    76511    14692   237568     6259             0 bash
[ 3629.852574] [20528]     0 20528    76214    14598   233472     6035             0 bash
[ 3629.854160] [20532]     0 20532    75785    14486   229376     5734             0 bash
[ 3629.855614] [20536]     0 20536    75785    14723   229376     5491             0 bash
[ 3629.857122] [20540]     0 20540    75224    14374   225280     5265             0 bash
[ 3629.858556] [20544]     0 20544    74993    14305   225280     5118             0 bash
[ 3629.859988] [20548]     0 20548    75059    14597   225280     4857             0 bash
[ 3629.861443] [20552]     0 20552    74828    14691   221184     4585             0 bash
[ 3629.862831] [20556]     0 20556    74366    14346   217088     4450             0 bash
[ 3629.864208] [20560]     0 20560    74564    14684   221184     4301             0 bash
[ 3629.865643] [20564]     0 20564    74267    14555   217088     4164             0 bash
[ 3629.866999] [20568]     0 20568    74003    14649   217088     3803             0 bash
[ 3629.868328] [20572]     0 20572    73739    14514   212992     3669             0 bash
[ 3629.869688] [20576]     0 20576    73739    14587   212992     3601             0 bash
[ 3629.870968] [20580]     0 20580    73541    14593   212992     3379             0 bash
[ 3629.872226] [20584]     0 20584    73475    14632   212992     3277             0 bash
[ 3629.873522] [20588]     0 20588    73310    14593   208896     3142             0 bash
[ 3629.874770] Out of memory: Killed process 20476 (bash) total-vm:336272kB, anon-rss:57936kB, file-rss:0kB, shmem-rss:0kB, UID:0
[ 3641.460579] [ 1431]     0  1431    59149      122    98304      394             0 bash
[ 3641.464233] [ 1583]     0  1583    59149        1    90112      506             0 bash
[ 3641.469546] [20480]     0 20480    83309    14964   290816    12782             0 bash
[ 3641.471344] [20484]     0 20484    81890    14673   278528    11668             0 bash
[ 3641.473122] [20488]     0 20488    81230    15061   274432    10685             0 bash
[ 3641.474907] [20492]     0 20492    80537    14969   270336    10007             0 bash
[ 3641.476643] [20496]     0 20496    79877    14873   262144     9460             0 bash
[ 3641.478314] [20500]     0 20500    79382    14891   258048     8931             0 bash
[ 3641.479946] [20504]     0 20504    78887    14747   253952     8579             0 bash
[ 3641.481604] [20508]     0 20508    78557    14971   253952     8024             0 bash
[ 3641.483221] [20512]     0 20512    77963    14830   249856     7646             0 bash
[ 3641.484807] [20516]     0 20516    77765    14921   245760     7298             0 bash
[ 3641.486381] [20520]     0 20520    77501    14892   245760     7055             0 bash
[ 3641.487908] [20524]     0 20524    77468    15129   245760     6783             0 bash
[ 3641.489434] [20528]     0 20528    77138    15128   241664     6532             0 bash
[ 3641.490946] [20532]     0 20532    76742    14914   237568     6260             0 bash
[ 3641.492416] [20536]     0 20536    76742    15179   237568     6000             0 bash
[ 3641.493907] [20540]     0 20540    76148    14895   233472     5766             0 bash
[ 3641.495356] [20544]     0 20544    75884    14767   229376     5556             0 bash
[ 3641.496799] [20548]     0 20548    75884    14946   229376     5383             0 bash
[ 3641.498234] [20552]     0 20552    75818    15155   229376     5088             0 bash
[ 3641.499635] [20556]     0 20556    75290    14808   225280     4932             0 bash
[ 3641.501038] [20560]     0 20560    75488    15124   229376     4803             0 bash
[ 3641.502413] [20564]     0 20564    75224    15007   225280     4659             0 bash
[ 3641.503803] [20568]     0 20568    74861    15006   221184     4301             0 bash
[ 3641.505142] [20572]     0 20572    74663    14925   221184     4189             0 bash
[ 3641.506471] [20576]     0 20576    74696    15087   221184     4059             0 bash
[ 3641.507790] [20580]     0 20580    74498    15069   221184     3860             0 bash
[ 3641.509063] [20584]     0 20584    74399    15066   221184     3786             0 bash
[ 3641.510305] [20588]     0 20588    74267    15043   217088     3659             0 bash
[ 3641.511572] Out of memory: Killed process 20480 (bash) total-vm:333236kB, anon-rss:59856kB, file-rss:0kB, shmem-rss:0kB, UID:0
[ 3650.889366] bash invoked oom-killer: gfp_mask=0x6280ca(GFP_HIGHUSER_MOVABLE|__GFP_ZERO), nodemask=(null), order=0, oom_score_adj=0
[ 3650.892308] bash cpuset=/ mems_allowed=0
[ 3650.893813] CPU: 0 PID: 20548 Comm: bash Kdump: loaded Tainted: G                 ---------r-  - 4.18.0-193.el8.x86_64 #1
[ 3651.119682] [ 1431]     0  1431    59149      122    98304      394             0 bash
[ 3651.123360] [ 1583]     0  1583    59149        1    90112      506             0 bash
[ 3651.128704] [20484]     0 20484    82946    15361   286720    12134             0 bash
[ 3651.130512] [20488]     0 20488    82253    15614   282624    11151             0 bash
[ 3651.132310] [20492]     0 20492    81560    15626   274432    10478             0 bash
[ 3651.134144] [20496]     0 20496    80900    15475   270336     9970             0 bash
[ 3651.135886] [20500]     0 20500    80405    15571   266240     9353             0 bash
[ 3651.137568] [20504]     0 20504    79976    15464   262144     9004             0 bash
[ 3651.139232] [20508]     0 20508    79580    15692   262144     8432             0 bash
[ 3651.140840] [20512]     0 20512    78920    15317   253952     8127             0 bash
[ 3651.142464] [20516]     0 20516    78788    15545   253952     7806             0 bash
[ 3651.144061] [20520]     0 20520    78524    15508   253952     7554             0 bash
[ 3651.145607] [20524]     0 20524    78524    15811   253952     7236             0 bash
[ 3651.147153] [20528]     0 20528    78194    15708   249856     7038             0 bash
[ 3651.148646] [20532]     0 20532    77765    15551   245760     6734             0 bash
[ 3651.150161] [20536]     0 20536    77831    15834   245760     6510             0 bash
[ 3651.151627] [20540]     0 20540    77204    15506   241664     6240             0 bash
[ 3651.153148] [20544]     0 20544    76874    15402   237568     5990             0 bash
[ 3651.154593] [20548]     0 20548    76841    15490   237568     5887             0 bash
[ 3651.156046] [20552]     0 20552    76874    15866   237568     5558             0 bash
[ 3651.157468] [20556]     0 20556    76346    15490   233472     5402             0 bash
[ 3651.158884] [20560]     0 20560    76445    15730   237568     5275             0 bash
[ 3651.160271] [20564]     0 20564    76280    15663   233472     5168             0 bash
[ 3651.161669] [20568]     0 20568    75884    15645   229376     4794             0 bash
[ 3651.163025] [20572]     0 20572    75719    15637   229376     4647             0 bash
[ 3651.164353] [20576]     0 20576    75719    15723   229376     4528             0 bash
[ 3651.165667] [20580]     0 20580    75554    15714   229376     4329             0 bash
[ 3651.166966] [20584]     0 20584    75422    15666   225280     4291             0 bash
[ 3651.168237] [20588]     0 20588    75323    15719   225280     4140             0 bash
[ 3651.169502] Out of memory: Killed process 20484 (bash) total-vm:331784kB, anon-rss:60936kB, file-rss:508kB, shmem-rss:0kB, UID:0
[ 3651.657205] oom_reaper: reaped process 20484 (bash), now anon-rss:0kB, file-rss:0kB, shmem-rss:0kB
[ 3662.334503] bash invoked oom-killer: gfp_mask=0x6200ca(GFP_HIGHUSER_MOVABLE), nodemask=(null), order=0, oom_score_adj=0
[ 3662.337846] bash cpuset=/ mems_allowed=0
[ 3662.339491] CPU: 0 PID: 20572 Comm: bash Kdump: loaded Tainted: G                 ---------r-  - 4.18.0-193.el8.x86_64 #1
[ 3662.566362] [ 1431]     0  1431    59149      122    98304      394             0 bash
[ 3662.569978] [ 1583]     0  1583    59149        1    90112      506             0 bash
[ 3662.575334] [20488]     0 20488    82814    15631   286720    11612             0 bash
[ 3662.577113] [20492]     0 20492    82121    15623   282624    10916             0 bash
[ 3662.578881] [20496]     0 20496    82154    16194   282624    10441             0 bash
[ 3662.580654] [20500]     0 20500    81263    15888   274432     9809             0 bash
[ 3662.582379] [20504]     0 20504    81230    16208   274432     9476             0 bash
[ 3662.584046] [20508]     0 20508    80867    16405   270336     8879             0 bash
[ 3662.585661] [20512]     0 20512    80240    16062   266240     8603             0 bash
[ 3662.587272] [20516]     0 20516    80141    16312   266240     8265             0 bash
[ 3662.588859] [20520]     0 20520    79085    15451   258048     8033             0 bash
[ 3662.590416] [20524]     0 20524    78920    15637   253952     7704             0 bash
[ 3662.591985] [20528]     0 20528    78755    15669   253952     7502             0 bash
[ 3662.593497] [20532]     0 20532    78458    15704   249856     7202             0 bash
[ 3662.595004] [20536]     0 20536    78359    15808   249856     6964             0 bash
[ 3662.596459] [20540]     0 20540    78524    16237   253952     6732             0 bash
[ 3662.597936] [20544]     0 20544    78227    16229   249856     6440             0 bash
[ 3662.599381] [20548]     0 20548    78161    16254   249856     6334             0 bash
[ 3662.600836] [20552]     0 20552    77468    15873   241664     6027             0 bash
[ 3662.602263] [20556]     0 20556    77666    16250   245760     5869             0 bash
[ 3662.603685] [20560]     0 20560    77765    16453   245760     5768             0 bash
[ 3662.605094] [20564]     0 20564    76874    15658   237568     5616             0 bash
[ 3662.606491] [20568]     0 20568    76511    15684   237568     5259             0 bash
[ 3662.607865] [20572]     0 20572    76577    15892   237568     5104             0 bash
[ 3662.609220] [20576]     0 20576    76280    15738   233472     4991             0 bash
[ 3662.610568] [20580]     0 20580    76841    16481   237568     4785             0 bash
[ 3662.611894] [20584]     0 20584    76643    16302   237568     4744             0 bash
[ 3662.613206] [20588]     0 20588    75917    15705   229376     4638             0 bash
[ 3662.614513] Out of memory: Killed process 20488 (bash) total-vm:331256kB, anon-rss:62524kB, file-rss:0kB, shmem-rss:0kB, UID:0
[ 3662.883638] oom_reaper: reaped process 20488 (bash), now anon-rss:0kB, file-rss:0kB, shmem-rss:0kB
[ 3672.641689] bash invoked oom-killer: gfp_mask=0x6200ca(GFP_HIGHUSER_MOVABLE), nodemask=(null), order=0, oom_score_adj=0
[ 3672.645489] bash cpuset=/ mems_allowed=0
[ 3672.647349] CPU: 0 PID: 20516 Comm: bash Kdump: loaded Tainted: G                 ---------r-  - 4.18.0-193.el8.x86_64 #1
[ 3672.899925] [ 1431]     0  1431    59149      122    98304      394             0 bash
[ 3672.903791] [ 1583]     0  1583    59149        1    90112      506             0 bash
[ 3672.910044] [20492]     0 20492    83342    16471   290816    11344             0 bash
[ 3672.912187] [20496]     0 20496    83342    16944   290816    10891             0 bash
[ 3672.914196] [20500]     0 20500    82451    16669   282624    10236             0 bash
[ 3672.916153] [20504]     0 20504    82484    17068   282624     9901             0 bash
[ 3672.918038] [20508]     0 20508    82055    17145   278528     9360             0 bash
[ 3672.919943] [20512]     0 20512    81428    16792   274432     9093             0 bash
[ 3672.921750] [20516]     0 20516    81329    17115   274432     8696             0 bash
[ 3672.923531] [20520]     0 20520    80306    16268   266240     8499             0 bash
[ 3672.925475] [20524]     0 20524    80108    16398   266240     8172             0 bash
[ 3672.927207] [20528]     0 20528    79910    16429   262144     7957             0 bash
[ 3672.929086] [20532]     0 20532    79679    16451   262144     7678             0 bash
[ 3672.930770] [20536]     0 20536    79514    16564   262144     7448             0 bash
[ 3672.932450] [20540]     0 20540    79778    17006   262144     7235             0 bash
[ 3672.934064] [20544]     0 20544    79382    16928   258048     6901             0 bash
[ 3672.935694] [20548]     0 20548    79316    16968   258048     6786             0 bash
[ 3672.937275] [20552]     0 20552    78656    16631   253952     6496             0 bash
[ 3672.938807] [20556]     0 20556    78821    16949   253952     6328             0 bash
[ 3672.940534] [20560]     0 20560    79019    17238   258048     6267             0 bash
[ 3672.942607] [20564]     0 20564    78095    16475   249856     6081             0 bash
[ 3672.944191] [20568]     0 20568    77699    16420   245760     5748             0 bash
[ 3672.945823] [20572]     0 20572    77798    16665   245760     5591             0 bash
[ 3672.947411] [20576]     0 20576    77468    16412   241664     5492             0 bash
[ 3672.948863] [20580]     0 20580    78062    17320   249856     5233             0 bash
[ 3672.950250] [20584]     0 20584    77864    17135   245760     5220             0 bash
[ 3672.951694] [20588]     0 20588    77138    16457   241664     5118             0 bash
[ 3672.953035] Out of memory: Killed process 20496 (bash) total-vm:333368kB, anon-rss:67548kB, file-rss:228kB, shmem-rss:0kB, UID:0
[ 3673.133809] oom_reaper: reaped process 20496 (bash), now anon-rss:0kB, file-rss:0kB, shmem-rss:0kB
[ 3684.617810] bash invoked oom-killer: gfp_mask=0x6200ca(GFP_HIGHUSER_MOVABLE), nodemask=(null), order=0, oom_score_adj=0
[ 3684.621134] bash cpuset=/ mems_allowed=0
[ 3684.622839] CPU: 0 PID: 20552 Comm: bash Kdump: loaded Tainted: G                 ---------r-  - 4.18.0-193.el8.x86_64 #1
[ 3684.848277] [ 1431]     0  1431    59149      122    98304      394             0 bash
[ 3684.851932] [ 1583]     0  1583    59149        1    90112      506             0 bash
[ 3684.857224] [20492]     0 20492    84629    17246   299008    11796             0 bash
[ 3684.859011] [20500]     0 20500    83738    17427   294912    10708             0 bash
[ 3684.860764] [20504]     0 20504    83771    17884   294912    10305             0 bash
[ 3684.862532] [20508]     0 20508    83342    17924   290816     9816             0 bash
[ 3684.864240] [20512]     0 20512    82781    17587   286720     9587             0 bash
[ 3684.865896] [20516]     0 20516    82583    17996   286720     9037             0 bash
[ 3684.867498] [20520]     0 20520    81593    17046   278528     8954             0 bash
[ 3684.869088] [20524]     0 20524    81428    17259   274432     8602             0 bash
[ 3684.870666] [20528]     0 20528    81230    17235   274432     8434             0 bash
[ 3684.872201] [20532]     0 20532    80933    17266   270336     8084             0 bash
[ 3684.873788] [20536]     0 20536    80603    17097   270336     7940             0 bash
[ 3684.875276] [20540]     0 20540    81032    17749   270336     7721             0 bash
[ 3684.876751] [20544]     0 20544    80735    17779   270336     7357             0 bash
[ 3684.878203] [20548]     0 20548    80603    17763   270336     7232             0 bash
[ 3684.879650] [20552]     0 20552    79943    17454   262144     6913             0 bash
[ 3684.881126] [20556]     0 20556    80042    17679   266240     6814             0 bash
[ 3684.882572] [20560]     0 20560    80306    18039   266240     6697             0 bash
[ 3684.883989] [20564]     0 20564    79349    17229   258048     6559             0 bash
[ 3684.885400] [20568]     0 20568    78953    17239   253952     6145             0 bash
[ 3684.886771] [20572]     0 20572    78161    16546   249856     6039             0 bash
[ 3684.888150] [20576]     0 20576    78788    17325   253952     5876             0 bash
[ 3684.889503] [20580]     0 20580    78854    17586   253952     5678             0 bash
[ 3684.890853] [20584]     0 20584    79118    17854   258048     5664             0 bash
[ 3684.892195] [20588]     0 20588    78425    17215   249856     5603             0 bash
[ 3684.893500] Out of memory: Killed process 20492 (bash) total-vm:338516kB, anon-rss:68984kB, file-rss:0kB, shmem-rss:0kB, UID:0
[ 3685.127962] oom_reaper: reaped process 20492 (bash), now anon-rss:0kB, file-rss:0kB, shmem-rss:0kB
[ 3696.613304] bash invoked oom-killer: gfp_mask=0x6200ca(GFP_HIGHUSER_MOVABLE), nodemask=(null), order=0, oom_score_adj=0
[ 3696.616704] bash cpuset=/ mems_allowed=0
[ 3696.618424] CPU: 0 PID: 20544 Comm: bash Kdump: loaded Tainted: G                 ---------r-  - 4.18.0-193.el8.x86_64 #1
[ 3696.849724] [ 1431]     0  1431    59149      122    98304      394             0 bash
[ 3696.853341] [ 1583]     0  1583    59149        1    90112      506             0 bash
[ 3696.858725] [20500]     0 20500    85058    18190   303104    11310             0 bash
[ 3696.860537] [20504]     0 20504    85157    18771   307200    10806             0 bash
[ 3696.862308] [20508]     0 20508    84662    18708   303104    10394             0 bash
[ 3696.864093] [20512]     0 20512    84101    18350   294912    10141             0 bash
[ 3696.865813] [20516]     0 20516    84035    18906   294912     9536             0 bash
[ 3696.867470] [20520]     0 20520    82913    17956   286720     9387             0 bash
[ 3696.869097] [20524]     0 20524    82748    18140   286720     9056             0 bash
[ 3696.870707] [20528]     0 20528    82649    18112   286720     8960             0 bash
[ 3696.872308] [20532]     0 20532    82319    18235   282624     8511             0 bash
[ 3696.873887] [20536]     0 20536    82022    17991   278528     8458             0 bash
[ 3696.875435] [20540]     0 20540    82385    18624   282624     8182             0 bash
[ 3696.876945] [20544]     0 20544    82121    18744   282624     7776             0 bash
[ 3696.878445] [20548]     0 20548    81956    18679   278528     7698             0 bash
[ 3696.879911] [20552]     0 20552    81329    18341   274432     7415             0 bash
[ 3696.881383] [20556]     0 20556    81428    18457   274432     7379             0 bash
[ 3696.882818] [20560]     0 20560    81626    18803   278528     7269             0 bash
[ 3696.884261] [20564]     0 20564    80735    18076   270336     7047             0 bash
[ 3696.885677] [20568]     0 20568    80306    18055   266240     6702             0 bash
[ 3696.887104] [20572]     0 20572    79514    17411   258048     6538             0 bash
[ 3696.888519] [20576]     0 20576    80207    18166   266240     6430             0 bash
[ 3696.889945] [20580]     0 20580    80240    18448   266240     6229             0 bash
[ 3696.891309] [20584]     0 20584    80537    18682   270336     6238             0 bash
[ 3696.892690] [20588]     0 20588    79745    17974   262144     6186             0 bash
[ 3696.894033] Out of memory: Killed process 20504 (bash) total-vm:340628kB, anon-rss:75080kB, file-rss:4kB, shmem-rss:0kB, UID:0
[ 3697.144250] oom_reaper: reaped process 20504 (bash), now anon-rss:0kB, file-rss:0kB, shmem-rss:0kB
[ 3705.818520] bash invoked oom-killer: gfp_mask=0x6200ca(GFP_HIGHUSER_MOVABLE), nodemask=(null), order=0, oom_score_adj=0
[ 3705.821904] bash cpuset=/ mems_allowed=0
[ 3705.823674] CPU: 0 PID: 20540 Comm: bash Kdump: loaded Tainted: G                 ---------r-  - 4.18.0-193.el8.x86_64 #1
[ 3706.052335] [ 1431]     0  1431    59149      122    98304      394             0 bash
[ 3706.055977] [ 1583]     0  1583    59149        1    90112      506             0 bash
[ 3706.061312] [20500]     0 20500    85718    18372   311296    11793             0 bash
[ 3706.063106] [20508]     0 20508    85322    18896   307200    10856             0 bash
[ 3706.064877] [20512]     0 20512    86543    20325   315392    10641             0 bash
[ 3706.066651] [20516]     0 20516    86444    20857   315392    10003             0 bash
[ 3706.068346] [20520]     0 20520    83573    18086   290816     9896             0 bash
[ 3706.070001] [20524]     0 20524    84200    19080   299008     9550             0 bash
[ 3706.071639] [20528]     0 20528    83441    18421   290816     9418             0 bash
[ 3706.073292] [20532]     0 20532    84761    20182   303104     8984             0 bash
[ 3706.074903] [20536]     0 20536    83474    18961   290816     8962             0 bash
[ 3706.076506] [20540]     0 20540    83177    18919   290816     8692             0 bash
[ 3706.078081] [20544]     0 20544    84530    20687   299008     8296             0 bash
[ 3706.079613] [20548]     0 20548    82682    18927   286720     8167             0 bash
[ 3706.081160] [20552]     0 20552    81956    18468   278528     7924             0 bash
[ 3706.082666] [20556]     0 20556    82418    18988   282624     7873             0 bash
[ 3706.084202] [20560]     0 20560    82616    19266   286720     7765             0 bash
[ 3706.085695] [20564]     0 20564    81560    18471   278528     7533             0 bash
[ 3706.087167] [20568]     0 20568    80999    18220   270336     7210             0 bash
[ 3706.088646] [20572]     0 20572    80108    17518   266240     7030             0 bash
[ 3706.090102] [20576]     0 20576    81527    19012   274432     6935             0 bash
[ 3706.091558] [20580]     0 20580    80900    18631   270336     6709             0 bash
[ 3706.093043] [20584]     0 20584    81197    18883   274432     6734             0 bash
[ 3706.094487] [20588]     0 20588    80438    18138   266240     6695             0 bash
[ 3706.095915] Out of memory: Killed process 20512 (bash) total-vm:346172kB, anon-rss:81300kB, file-rss:0kB, shmem-rss:0kB, UID:0
[ 3706.325005] oom_reaper: reaped process 20512 (bash), now anon-rss:0kB, file-rss:0kB, shmem-rss:0kB
[ 3717.734363] bash invoked oom-killer: gfp_mask=0x6200ca(GFP_HIGHUSER_MOVABLE), nodemask=(null), order=0, oom_score_adj=0
[ 3717.739784] bash cpuset=/ mems_allowed=0
[ 3717.741838] CPU: 0 PID: 20548 Comm: bash Kdump: loaded Tainted: G                 ---------r-  - 4.18.0-193.el8.x86_64 #1
[ 3718.139570] [ 1431]     0  1431    59149      122    98304      394             0 bash
[ 3718.143566] [ 1583]     0  1583    59149        1    90112      506             0 bash
[ 3718.150941] [20500]     0 20500    87170    19316   319488    12285             0 bash
[ 3718.153044] [20508]     0 20508    86708    19792   319488    11364             0 bash
[ 3718.154981] [20516]     0 20516    87896    21798   327680    10531             0 bash
[ 3718.158480] [20520]     0 20520    84959    19047   303104    10354             0 bash
[ 3718.161925] [20524]     0 20524    85652    19989   307200    10078             0 bash
[ 3718.165422] [20528]     0 20528    84893    19384   303104     9937             0 bash
[ 3718.168780] [20532]     0 20532    86246    21190   315392     9503             0 bash
[ 3718.171939] [20536]     0 20536    84926    19889   303104     9477             0 bash
[ 3718.175225] [20540]     0 20540    84596    19842   299008     9207             0 bash
[ 3718.178154] [20544]     0 20544    85949    21578   311296     8808             0 bash
[ 3718.181164] [20548]     0 20548    84167    19920   299008     8694             0 bash
[ 3718.183987] [20552]     0 20552    83342    19361   290816     8429             0 bash
[ 3718.187260] [20556]     0 20556    83837    19895   294912     8379             0 bash
[ 3718.190272] [20560]     0 20560    84035    20207   294912     8270             0 bash
[ 3718.193156] [20564]     0 20564    82979    19320   286720     8063             0 bash
[ 3718.196289] [20568]     0 20568    82451    19164   282624     7720             0 bash
[ 3718.198776] [20572]     0 20572    81527    18479   274432     7503             0 bash
[ 3718.200727] [20576]     0 20576    82979    19959   286720     7446             0 bash
[ 3718.204171] [20580]     0 20580    82319    19531   282624     7214             0 bash
[ 3718.207434] [20584]     0 20584    82649    19831   286720     7256             0 bash
[ 3718.210844] [20588]     0 20588    81857    19118   278528     7185             0 bash
[ 3718.213084] Out of memory: Killed process 20516 (bash) total-vm:351584kB, anon-rss:87192kB, file-rss:0kB, shmem-rss:0kB, UID:0
[ 3728.007336] bash invoked oom-killer: gfp_mask=0x6200ca(GFP_HIGHUSER_MOVABLE), nodemask=(null), order=0, oom_score_adj=0
[ 3728.010658] bash cpuset=/ mems_allowed=0
[ 3728.012427] CPU: 0 PID: 20532 Comm: bash Kdump: loaded Tainted: G                 ---------r-  - 4.18.0-193.el8.x86_64 #1
[ 3728.245402] [ 1431]     0  1431    59149      122    98304      394             0 bash
[ 3728.249190] [ 1583]     0  1583    59149        1    90112      506             0 bash
[ 3728.254551] [20500]     0 20500    88622    20236   331776    12809             0 bash
[ 3728.256351] [20508]     0 20508    88193    20690   327680    11919             0 bash
[ 3728.258126] [20520]     0 20520    86477    20067   315392    10846             0 bash
[ 3728.259905] [20524]     0 20524    87170    20935   319488    10648             0 bash
[ 3728.261619] [20528]     0 20528    86378    20296   315392    10481             0 bash
[ 3728.263261] [20532]     0 20532    87764    22146   327680    10028             0 bash
[ 3728.264902] [20536]     0 20536    86444    20906   315392     9962             0 bash
[ 3728.266525] [20540]     0 20540    86114    20840   311296     9716             0 bash
[ 3728.268130] [20544]     0 20544    87467    22572   323584     9341             0 bash
[ 3728.269730] [20548]     0 20548    85718    20884   311296     9261             0 bash
[ 3728.271292] [20552]     0 20552    84794    20248   303104     8960             0 bash
[ 3728.272885] [20556]     0 20556    85355    20881   307200     8912             0 bash
[ 3728.274396] [20560]     0 20560    85586    21177   307200     8822             0 bash
[ 3728.275897] [20564]     0 20564    84464    20257   299008     8581             0 bash
[ 3728.277378] [20568]     0 20568    83969    20127   294912     8291             0 bash
[ 3728.278863] [20572]     0 20572    83078    19462   286720     8007             0 bash
[ 3728.280344] [20576]     0 20576    84497    20919   299008     7954             0 bash
[ 3728.281837] [20580]     0 20580    83837    20490   294912     7733             0 bash
[ 3728.283334] [20584]     0 20584    84134    20789   299008     7757             0 bash
[ 3728.284800] [20588]     0 20588    83342    20065   290816     7703             0 bash
[ 3728.286221] Out of memory: Killed process 20500 (bash) total-vm:354488kB, anon-rss:80944kB, file-rss:0kB, shmem-rss:0kB, UID:0
[ 3739.864070] bash invoked oom-killer: gfp_mask=0x6200ca(GFP_HIGHUSER_MOVABLE), nodemask=(null), order=0, oom_score_adj=0
[ 3739.867387] bash cpuset=/ mems_allowed=0
[ 3739.869079] CPU: 0 PID: 20508 Comm: bash Kdump: loaded Tainted: G                 ---------r-  - 4.18.0-193.el8.x86_64 #1
[ 3740.120210] [ 1431]     0  1431    59149      122    98304      394             0 bash
[ 3740.123850] [ 1583]     0  1583    59149        1    90112      506             0 bash
[ 3740.129129] [20508]     0 20508    89942    21908   344064    12592             0 bash
[ 3740.130914] [20520]     0 20520    88292    21208   331776    11531             0 bash
[ 3740.132688] [20524]     0 20524    88919    21980   335872    11328             0 bash
[ 3740.134464] [20528]     0 20528    88127    21450   327680    11124             0 bash
[ 3740.136173] [20532]     0 20532    89480    23212   339968    10691             0 bash
[ 3740.137840] [20536]     0 20536    88193    21968   327680    10633             0 bash
[ 3740.139512] [20540]     0 20540    87929    21958   327680    10399             0 bash
[ 3740.141119] [20544]     0 20544    89249    23670   339968    10030             0 bash
[ 3740.142738] [20548]     0 20548    87401    21940   323584     9905             0 bash
[ 3740.144324] [20552]     0 20552    86543    21344   315392     9644             0 bash
[ 3740.145881] [20556]     0 20556    87005    21890   319488     9570             0 bash
[ 3740.147438] [20560]     0 20560    87401    22301   323584     9487             0 bash
[ 3740.148976] [20564]     0 20564    86213    21385   315392     9244             0 bash
[ 3740.150465] [20568]     0 20568    85751    21173   311296     8975             0 bash
[ 3740.151972] [20572]     0 20572    84761    20515   303104     8686             0 bash
[ 3740.153453] [20576]     0 20576    86279    22072   315392     8635             0 bash
[ 3740.154968] [20580]     0 20580    85652    21692   307200     8390             0 bash
[ 3740.156438] [20584]     0 20584    85850    21839   311296     8438             0 bash
[ 3740.157961] [20588]     0 20588    85157    21187   307200     8377             0 bash
[ 3740.159445] Out of memory: Killed process 20508 (bash) total-vm:359768kB, anon-rss:87180kB, file-rss:452kB, shmem-rss:0kB, UID:0
[ 3740.231005] oom_reaper: reaped process 20508 (bash), now anon-rss:0kB, file-rss:0kB, shmem-rss:0kB
[ 3751.281171] [ 1431]     0  1431    59149      122    98304      394             0 bash
[ 3751.284785] [ 1583]     0  1583    59149        1    90112      506             0 bash
[ 3751.290057] [20520]     0 20520    90206    22399   344064    12211             0 bash
[ 3751.291858] [20524]     0 20524    90833    23226   352256    12041             0 bash
[ 3751.293698] [20528]     0 20528    90041    22597   344064    11871             0 bash
[ 3751.295482] [20532]     0 20532    91427    24495   356352    11371             0 bash
[ 3751.297206] [20536]     0 20536    90107    23181   344064    11323             0 bash
[ 3751.298843] [20540]     0 20540    89711    23052   339968    11079             0 bash
[ 3751.300489] [20544]     0 20544    91031    24711   352256    10762             0 bash
[ 3751.302126] [20548]     0 20548    89249    23078   335872    10581             0 bash
[ 3751.303717] [20552]     0 20552    88424    22452   331776    10359             0 bash
[ 3751.305316] [20556]     0 20556    88787    22966   335872    10261             0 bash
[ 3751.306879] [20560]     0 20560    89249    23525   339968    10159             0 bash
[ 3751.308411] [20564]     0 20564    88160    22666   327680     9931             0 bash
[ 3751.309949] [20568]     0 20568    87698    22431   323584     9683             0 bash
[ 3751.311460] [20572]     0 20572    86642    21613   315392     9429             0 bash
[ 3751.312984] [20576]     0 20576    88127    23291   327680     9283             0 bash
[ 3751.314477] [20580]     0 20580    87401    22690   323584     9106             0 bash
[ 3751.315988] [20584]     0 20584    87764    23040   327680     9135             0 bash
[ 3751.317464] [20588]     0 20588    87038    22402   319488     9052             0 bash
[ 3751.318943] Out of memory: Killed process 20532 (bash) total-vm:365708kB, anon-rss:97948kB, file-rss:32kB, shmem-rss:0kB, UID:0
[ 3752.543038] oom_reaper: reaped process 20532 (bash), now anon-rss:0kB, file-rss:0kB, shmem-rss:0kB
[ 3764.464095] bash invoked oom-killer: gfp_mask=0x6200ca(GFP_HIGHUSER_MOVABLE), nodemask=(null), order=0, oom_score_adj=0
[ 3764.467742] bash cpuset=/ mems_allowed=0
[ 3764.469883] CPU: 0 PID: 20552 Comm: bash Kdump: loaded Tainted: G                 ---------r-  - 4.18.0-193.el8.x86_64 #1
[ 3764.701047] [ 1431]     0  1431    59149      122    98304      394             0 bash
[ 3764.704698] [ 1583]     0  1583    59149        1    90112      506             0 bash
[ 3764.710005] [20520]     0 20520    92252    23778   360448    12890             0 bash
[ 3764.711804] [20524]     0 20524    92846    24561   368640    12719             0 bash
[ 3764.713578] [20528]     0 20528    92087    23960   360448    12549             0 bash
[ 3764.715360] [20536]     0 20536    92186    24633   360448    11972             0 bash
[ 3764.717057] [20540]     0 20540    91823    24465   360448    11769             0 bash
[ 3764.718714] [20544]     0 20544    93077    26104   368640    11369             0 bash
[ 3764.720379] [20548]     0 20548    91361    24573   356352    11222             0 bash
[ 3764.721989] [20552]     0 20552    90503    23897   348160    11084             0 bash
[ 3764.723601] [20556]     0 20556    90899    24439   352256    10903             0 bash
[ 3764.725186] [20560]     0 20560    91328    24873   356352    10868             0 bash
[ 3764.726733] [20564]     0 20564    90206    24042   344064    10586             0 bash
[ 3764.728312] [20568]     0 20568    89744    23910   339968    10291             0 bash
[ 3764.729815] [20572]     0 20572    88754    23086   335872    10069             0 bash
[ 3764.731318] [20576]     0 20576    90239    24731   344064     9936             0 bash
[ 3764.732825] [20580]     0 20580    89513    24148   339968     9803             0 bash
[ 3764.734375] [20584]     0 20584    89876    24532   344064     9785             0 bash
[ 3764.735858] [20588]     0 20588    89183    23891   335872     9745             0 bash
[ 3764.737338] Out of memory: Killed process 20544 (bash) total-vm:372308kB, anon-rss:104416kB, file-rss:0kB, shmem-rss:0kB, UID:0
[ 3764.961411] oom_reaper: reaped process 20544 (bash), now anon-rss:0kB, file-rss:0kB, shmem-rss:0kB
[ 3779.043025] [ 1431]     0  1431    59149      122    98304      394             0 bash
[ 3779.046813] [ 1583]     0  1583    59149        1    90112      506             0 bash
[ 3779.052162] [20520]     0 20520    94727    25477   380928    13655             0 bash
[ 3779.053977] [20524]     0 20524    95321    26291   385024    13425             0 bash
[ 3779.055779] [20528]     0 20528    94595    25786   380928    13220             0 bash
[ 3779.057578] [20536]     0 20536    94661    26371   380928    12728             0 bash
[ 3779.059310] [20540]     0 20540    94265    26197   376832    12495             0 bash
[ 3779.060956] [20548]     0 20548    93803    26353   372736    11854             0 bash
[ 3779.062624] [20552]     0 20552    92945    25512   368640    11846             0 bash
[ 3779.064263] [20556]     0 20556    93407    26172   372736    11629             0 bash
[ 3779.065872] [20560]     0 20560    93803    26697   372736    11528             0 bash
[ 3779.067444] [20564]     0 20564    92714    25871   364544    11279             0 bash
[ 3779.069015] [20568]     0 20568    92153    25575   360448    10989             0 bash
[ 3779.070556] [20572]     0 20572    91196    24831   352256    10781             0 bash
[ 3779.072071] [20576]     0 20576    92615    26344   364544    10695             0 bash
[ 3779.073603] [20580]     0 20580    91856    25782   360448    10513             0 bash
[ 3779.075104] [20584]     0 20584    92384    26351   364544    10462             0 bash
[ 3779.076609] [20588]     0 20588    91691    25647   356352    10476             0 bash
[ 3779.078096] Out of memory: Killed process 20524 (bash) total-vm:381284kB, anon-rss:105164kB, file-rss:0kB, shmem-rss:0kB, UID:0
[ 3779.275392] oom_reaper: reaped process 20524 (bash), now anon-rss:0kB, file-rss:0kB, shmem-rss:0kB
[ 3795.431243] bash invoked oom-killer: gfp_mask=0x6200ca(GFP_HIGHUSER_MOVABLE), nodemask=(null), order=0, oom_score_adj=0
[ 3795.434925] bash cpuset=/ mems_allowed=0
[ 3795.436888] CPU: 0 PID: 20564 Comm: bash Kdump: loaded Tainted: G                 ---------r-  - 4.18.0-193.el8.x86_64 #1
[ 3795.666826] [ 1431]     0  1431    59149      122    98304      394             0 bash
[ 3795.670508] [ 1583]     0  1583    59149        1    90112      506             0 bash
[ 3795.675876] [20520]     0 20520    97499    27428   405504    14530             0 bash
[ 3795.677685] [20528]     0 20528    97367    27614   401408    14150             0 bash
[ 3795.679495] [20536]     0 20536    97367    28156   401408    13635             0 bash
[ 3795.681297] [20540]     0 20540    97004    28075   401408    13374             0 bash
[ 3795.682990] [20548]     0 20548    96575    28267   397312    12738             0 bash
[ 3795.684621] [20552]     0 20552    95750    27379   389120    12788             0 bash
[ 3795.686264] [20556]     0 20556    96146    28011   393216    12542             0 bash
[ 3795.687860] [20560]     0 20560    96509    28543   397312    12403             0 bash
[ 3795.689438] [20564]     0 20564    95486    27742   389120    12150             0 bash
[ 3795.691024] [20568]     0 20568    94925    27509   385024    11830             0 bash
[ 3795.692561] [20572]     0 20572    93836    26559   376832    11691             0 bash
[ 3795.694140] [20576]     0 20576    95420    28268   389120    11582             0 bash
[ 3795.695645] [20580]     0 20580    94595    27640   380928    11410             0 bash
[ 3795.697172] [20584]     0 20584    95057    28149   385024    11357             0 bash
[ 3795.698669] [20588]     0 20588    94397    27472   380928    11386             0 bash
[ 3795.700141] Out of memory: Killed process 20520 (bash) total-vm:389996kB, anon-rss:109692kB, file-rss:20kB, shmem-rss:0kB, UID:0
[ 3795.791055] oom_reaper: reaped process 20520 (bash), now anon-rss:0kB, file-rss:0kB, shmem-rss:0kB
[ 3807.881713] bash invoked oom-killer: gfp_mask=0x6200ca(GFP_HIGHUSER_MOVABLE), nodemask=(null), order=0, oom_score_adj=0
[ 3807.885385] bash cpuset=/ mems_allowed=0
[ 3807.887462] CPU: 0 PID: 20552 Comm: bash Kdump: loaded Tainted: G                 ---------r-  - 4.18.0-193.el8.x86_64 #1
[ 3808.117510] [ 1431]     0  1431    59149      122    98304      394             0 bash
[ 3808.121211] [ 1583]     0  1583    59149        1    90112      506             0 bash
[ 3808.126567] [20528]     0 20528   100073    29267   425984    15172             0 bash
[ 3808.128373] [20536]     0 20536    99941    29787   421888    14592             0 bash
[ 3808.130158] [20540]     0 20540    99677    29655   421888    14457             0 bash
[ 3808.131930] [20548]     0 20548    99248    29886   417792    13791             0 bash
[ 3808.133661] [20552]     0 20552    98456    29087   413696    13809             0 bash
[ 3808.135332] [20556]     0 20556    98852    29655   413696    13621             0 bash
[ 3808.137024] [20560]     0 20560    99149    30065   417792    13479             0 bash
[ 3808.138627] [20564]     0 20564    98225    29446   409600    13171             0 bash
[ 3808.140254] [20568]     0 20568    97598    29170   405504    12849             0 bash
[ 3808.141838] [20572]     0 20572    96476    28207   397312    12706             0 bash
[ 3808.143423] [20576]     0 20576    98159    29981   409600    12591             0 bash
[ 3808.145005] [20580]     0 20580    97334    29222   401408    12500             0 bash
[ 3808.146548] [20584]     0 20584    97763    29725   405504    12441             0 bash
[ 3808.148065] [20588]     0 20588    97070    29073   401408    12381             0 bash
[ 3808.149562] Out of memory: Killed process 20528 (bash) total-vm:400292kB, anon-rss:117064kB, file-rss:4kB, shmem-rss:0kB, UID:0
[ 3808.244549] oom_reaper: reaped process 20528 (bash), now anon-rss:0kB, file-rss:0kB, shmem-rss:0kB
[ 3825.476380] [ 1431]     0  1431    59149      130    98304      385             0 bash
[ 3825.480036] [ 1583]     0  1583    59149        1    90112      506             0 bash
[ 3825.485574] [20536]     0 20536   103505    32412   450560    15544             0 bash
[ 3825.487539] [20540]     0 20540   103406    31977   450560    15857             0 bash
[ 3825.489665] [20548]     0 20548   103142    32347   450560    15224             0 bash
[ 3825.491806] [20552]     0 20552   102251    31918   442368    14760             0 bash
[ 3825.493842] [20556]     0 20556   102680    32035   446464    15066             0 bash
[ 3825.495833] [20560]     0 20560   102944    32485   446464    14911             0 bash
[ 3825.497671] [20564]     0 20564   102086    32400   442368    14104             0 bash
[ 3825.499285] [20568]     0 20568   101393    31957   434176    13834             0 bash
[ 3825.500849] [20572]     0 20572   100271    30740   425984    13957             0 bash
[ 3825.502484] [20576]     0 20576   101888    32733   438272    13541             0 bash
[ 3825.504048] [20580]     0 20580   101657    32152   438272    13925             0 bash
[ 3825.505594] [20584]     0 20584   101624    32281   438272    13790             0 bash
[ 3825.507119] [20588]     0 20588   100700    31892   430080    13264             0 bash
[ 3825.508603] Out of memory: Killed process 20536 (bash) total-vm:414020kB, anon-rss:129648kB, file-rss:0kB, shmem-rss:0kB, UID:0
[ 3842.161060] bash invoked oom-killer: gfp_mask=0x6200ca(GFP_HIGHUSER_MOVABLE), nodemask=(null), order=0, oom_score_adj=0
[ 3842.164586] bash cpuset=/ mems_allowed=0
[ 3842.166284] CPU: 0 PID: 20576 Comm: bash Kdump: loaded Tainted: G                 ---------r-  - 4.18.0-193.el8.x86_64 #1
[ 3842.388643] [ 1431]     0  1431    59149      130    98304      385             0 bash
[ 3842.392307] [ 1583]     0  1583    59149        1    90112      506             0 bash
[ 3842.397619] [20540]     0 20540   107333    34553   483328    17193             0 bash
[ 3842.399429] [20548]     0 20548   106937    34755   479232    16608             0 bash
[ 3842.401223] [20552]     0 20552   106013    34280   471040    16130             0 bash
[ 3842.403061] [20556]     0 20556   106475    34521   475136    16371             0 bash
[ 3842.404788] [20560]     0 20560   106904    35059   479232    16253             0 bash
[ 3842.406445] [20564]     0 20564   106013    34930   471040    15496             0 bash
[ 3842.408105] [20568]     0 20568   105254    34550   466944    15100             0 bash
[ 3842.409724] [20572]     0 20572   104198    33667   458752    14942             0 bash
[ 3842.411323] [20576]     0 20576   105782    35286   471040    14919             0 bash
[ 3842.412925] [20580]     0 20580   105518    34850   466944    15079             0 bash
[ 3842.414501] [20584]     0 20584   105551    34715   466944    15225             0 bash
[ 3842.416046] [20588]     0 20588   104561    34323   458752    14639             0 bash
[ 3842.417583] Out of memory: Killed process 20540 (bash) total-vm:429332kB, anon-rss:138212kB, file-rss:0kB, shmem-rss:0kB, UID:0
[ 3842.985142] oom_reaper: reaped process 20540 (bash), now anon-rss:0kB, file-rss:0kB, shmem-rss:0kB
[ 3861.318433] [ 1431]     0  1431    59149      130    98304      385             0 bash
[ 3861.322084] [ 1583]     0  1583    59149        1    90112      506             0 bash
[ 3861.327406] [20548]     0 20548   111689    37927   516096    18182             0 bash
[ 3861.329200] [20552]     0 20552   110831    37543   512000    17716             0 bash
[ 3861.330984] [20556]     0 20556   111227    37733   512000    17906             0 bash
[ 3861.332790] [20560]     0 20560   111755    38303   520192    17905             0 bash
[ 3861.334493] [20564]     0 20564   110732    38152   512000    17018             0 bash
[ 3861.336158] [20568]     0 20568   110039    37832   503808    16631             0 bash
[ 3861.337792] [20572]     0 20572   109049    37151   495616    16303             0 bash
[ 3861.339395] [20576]     0 20576   110600    38513   507904    16485             0 bash
[ 3861.341006] [20580]     0 20580   110402    38141   507904    16674             0 bash
[ 3861.342605] [20584]     0 20584   110402    38103   507904    16700             0 bash
[ 3861.344156] [20588]     0 20588   109346    37596   499712    16205             0 bash
[ 3861.345704] Out of memory: Killed process 20560 (bash) total-vm:447020kB, anon-rss:153212kB, file-rss:0kB, shmem-rss:0kB, UID:0
[ 3862.184248] oom_reaper: reaped process 20560 (bash), now anon-rss:0kB, file-rss:0kB, shmem-rss:0kB
[ 3880.892461] bash invoked oom-killer: gfp_mask=0x6200ca(GFP_HIGHUSER_MOVABLE), nodemask=(null), order=0, oom_score_adj=0
[ 3880.897309] bash cpuset=/ mems_allowed=0
[ 3880.898921] CPU: 0 PID: 20568 Comm: bash Kdump: loaded Tainted: G                 ---------r-  - 4.18.0-193.el8.x86_64 #1
[ 3881.117062] [ 1431]     0  1431    59149      130    98304      385             0 bash
[ 3881.120718] [ 1583]     0  1583    59149        1    90112      506             0 bash
[ 3881.126035] [20548]     0 20548   117464    41827   565248    20038             0 bash
[ 3881.127901] [20552]     0 20552   116540    41442   557056    19520             0 bash
[ 3881.129702] [20556]     0 20556   117035    41903   561152    19559             0 bash
[ 3881.131504] [20564]     0 20564   116474    42097   557056    18789             0 bash
[ 3881.133285] [20568]     0 20568   115649    41656   548864    18431             0 bash
[ 3881.134951] [20572]     0 20572   114725    41041   540672    18068             0 bash
[ 3881.136590] [20576]     0 20576   116144    42346   552960    18234             0 bash
[ 3881.138228] [20580]     0 20580   116177    42098   552960    18470             0 bash
[ 3881.139836] [20584]     0 20584   115979    41926   552960    18467             0 bash
[ 3881.141405] [20588]     0 20588   115121    41629   544768    17917             0 bash
[ 3881.142967] Out of memory: Killed process 20548 (bash) total-vm:469856kB, anon-rss:167308kB, file-rss:0kB, shmem-rss:0kB, UID:0
[ 3903.235077] bash invoked oom-killer: gfp_mask=0x6200ca(GFP_HIGHUSER_MOVABLE), nodemask=(null), order=0, oom_score_adj=0
[ 3903.239776] bash cpuset=/ mems_allowed=0
[ 3903.241372] CPU: 0 PID: 20564 Comm: bash Kdump: loaded Tainted: G                 ---------r-  - 4.18.0-193.el8.x86_64 #1
[ 3903.457909] [ 1431]     0  1431    59149      130    98304      385             0 bash
[ 3903.461547] [ 1583]     0  1583    59149        1    90112      506             0 bash
[ 3903.466838] [20552]     0 20552   123239    46079   610304    21580             0 bash
[ 3903.468625] [20556]     0 20556   123734    46216   614400    21966             0 bash
[ 3903.470410] [20564]     0 20564   123173    46585   610304    21032             0 bash
[ 3903.472183] [20568]     0 20568   122381    46228   602112    20557             0 bash
[ 3903.473909] [20572]     0 20572   121424    45787   593920    20065             0 bash
[ 3903.475582] [20576]     0 20576   122744    46133   606208    21024             0 bash
[ 3903.477238] [20580]     0 20580   122777    46729   606208    20488             0 bash
[ 3903.478839] [20584]     0 20584   122579    46410   606208    20602             0 bash
[ 3903.480445] [20588]     0 20588   121853    46319   598016    19974             0 bash
[ 3903.482040] Out of memory: Killed process 20556 (bash) total-vm:494936kB, anon-rss:184864kB, file-rss:0kB, shmem-rss:0kB, UID:0
[ 3927.152203] bash invoked oom-killer: gfp_mask=0x6200ca(GFP_HIGHUSER_MOVABLE), nodemask=(null), order=0, oom_score_adj=0
[ 3927.157534] bash cpuset=/ mems_allowed=0
[ 3927.159279] CPU: 0 PID: 20580 Comm: bash Kdump: loaded Tainted: G                 ---------r-  - 4.18.0-193.el8.x86_64 #1
[ 3927.381461] [ 1431]     0  1431    59149      130    98304      385             0 bash
[ 3927.385110] [ 1583]     0  1583    59149        1    90112      506             0 bash
[ 3927.390508] [20552]     0 20552   131159    51275   671744    24273             0 bash
[ 3927.392317] [20564]     0 20564   131027    51689   671744    23762             0 bash
[ 3927.394115] [20568]     0 20568   130235    51334   667648    23348             0 bash
[ 3927.395901] [20572]     0 20572   129311    50944   659456    22796             0 bash
[ 3927.397637] [20576]     0 20576   130829    51364   671744    23867             0 bash
[ 3927.399310] [20580]     0 20580   130796    51971   671744    23249             0 bash
[ 3927.400936] [20584]     0 20584   131720    52782   675840    23366             0 bash
[ 3927.402566] [20588]     0 20588   129839    51519   663552    22711             0 bash
[ 3927.404194] Out of memory: Killed process 20584 (bash) total-vm:526880kB, anon-rss:211128kB, file-rss:0kB, shmem-rss:0kB, UID:0
[ 3954.234927] bash invoked oom-killer: gfp_mask=0x6280ca(GFP_HIGHUSER_MOVABLE|__GFP_ZERO), nodemask=(null), order=0, oom_score_adj=0
[ 3954.242818] bash cpuset=/ mems_allowed=0
[ 3954.244520] CPU: 0 PID: 20580 Comm: bash Kdump: loaded Tainted: G                 ---------r-  - 4.18.0-193.el8.x86_64 #1
[ 3954.464875] [ 1431]     0  1431    59149      130    98304      385             0 bash
[ 3954.468506] [ 1583]     0  1583    59149        1    90112      506             0 bash
[ 3954.473862] [20552]     0 20552   142247    59049   761856    27583             0 bash
[ 3954.475673] [20564]     0 20564   142049    59357   761856    27100             0 bash
[ 3954.477444] [20568]     0 20568   141488    59175   757760    26710             0 bash
[ 3954.479236] [20572]     0 20572   140300    58628   745472    26081             0 bash
[ 3954.480963] [20576]     0 20576   141884    59119   757760    27186             0 bash
[ 3954.482630] [20580]     0 20580   141851    59687   757760    26584             0 bash
[ 3954.484306] [20588]     0 20588   140894    59471   749568    26096             0 bash
[ 3954.485958] Out of memory: Killed process 20552 (bash) total-vm:568988kB, anon-rss:236196kB, file-rss:0kB, shmem-rss:0kB, UID:0
[ 3954.765970] oom_reaper: reaped process 20552 (bash), now anon-rss:0kB, file-rss:0kB, shmem-rss:0kB
[ 3985.095562] [ 1431]     0  1431    59149      130    98304      385             0 bash
[ 3985.099239] [ 1583]     0  1583    59149        1    90112      506             0 bash
[ 3985.104548] [20564]     0 20564   156536    69137   876544    31811             0 bash
[ 3985.106347] [20568]     0 20568   156635    69719   876544    31335             0 bash
[ 3985.108114] [20572]     0 20572   154688    68496   860160    30616             0 bash
[ 3985.109894] [20576]     0 20576   156701    69319   876544    31807             0 bash
[ 3985.111592] [20580]     0 20580   157031    70294   880640    31151             0 bash
[ 3985.113301] [20588]     0 20588   155678    69383   868352    30692             0 bash
[ 3985.114945] Out of memory: Killed process 20580 (bash) total-vm:628124kB, anon-rss:281176kB, file-rss:0kB, shmem-rss:0kB, UID:0
[ 3985.470386] oom_reaper: reaped process 20580 (bash), now anon-rss:0kB, file-rss:0kB, shmem-rss:0kB
[ 4020.212174] bash invoked oom-killer: gfp_mask=0x6280ca(GFP_HIGHUSER_MOVABLE|__GFP_ZERO), nodemask=(null), order=0, oom_score_adj=0
[ 4020.217116] bash cpuset=/ mems_allowed=0
[ 4020.218777] CPU: 0 PID: 20568 Comm: bash Kdump: loaded Tainted: G                 ---------r-  - 4.18.0-193.el8.x86_64 #1
[ 4020.441783] [ 1431]     0  1431    59149      110    98304      405             0 bash
[ 4020.445429] [ 1583]     0  1583    59149        1    90112      506             0 bash
[ 4020.450794] [20564]     0 20564   177029    83546  1040384    38126             0 bash
[ 4020.452629] [20568]     0 20568   176996    83836  1040384    37557             0 bash
[ 4020.454403] [20572]     0 20572   174719    82697  1019904    36736             0 bash
[ 4020.456189] [20576]     0 20576   176963    83743  1040384    37964             0 bash
[ 4020.457916] [20588]     0 20588   175907    83771  1032192    36878             0 bash
[ 4020.459601] Out of memory: Killed process 20576 (bash) total-vm:707852kB, anon-rss:333760kB, file-rss:1212kB, shmem-rss:0kB, UID:0
[ 4020.932156] oom_reaper: reaped process 20576 (bash), now anon-rss:0kB, file-rss:0kB, shmem-rss:0kB
[ 4065.299017] bash invoked oom-killer: gfp_mask=0x6280ca(GFP_HIGHUSER_MOVABLE|__GFP_ZERO), nodemask=(null), order=0, oom_score_adj=0
[ 4065.302537] bash cpuset=/ mems_allowed=0
[ 4065.304276] CPU: 0 PID: 20568 Comm: bash Kdump: loaded Tainted: G                 ---------r-  - 4.18.0-193.el8.x86_64 #1
[ 4065.526539] [ 1431]     0  1431    59149        0    98304      526             0 bash
[ 4065.530179] [ 1583]     0  1583    59149        1    90112      506             0 bash
[ 4065.535500] [20564]     0 20564   207026   103686  1282048    47772             0 bash
[ 4065.537307] [20568]     0 20568   207059   104357  1282048    47139             0 bash
[ 4065.539081] [20572]     0 20572   204914   103297  1261568    46045             0 bash
[ 4065.540857] [20588]     0 20588   206234   104674  1273856    46273             0 bash
[ 4065.542565] Out of memory: Killed process 20568 (bash) total-vm:828236kB, anon-rss:417428kB, file-rss:0kB, shmem-rss:0kB, UID:0
[ 4123.774977] bash invoked oom-killer: gfp_mask=0x6200ca(GFP_HIGHUSER_MOVABLE), nodemask=(null), order=0, oom_score_adj=0
[ 4123.779766] bash cpuset=/ mems_allowed=0
[ 4123.781391] CPU: 0 PID: 20572 Comm: bash Kdump: loaded Tainted: G                 ---------r-  - 4.18.0-193.el8.x86_64 #1
[ 4124.011395] [ 1431]     0  1431    59149        0    98304      527             0 bash
[ 4124.015128] [ 1583]     0  1583    59149        1    90112      506             0 bash
[ 4124.020485] [20564]     0 20564   257813   138866  1687552    63468             0 bash
[ 4124.022333] [20572]     0 20572   255338   138132  1667072    61634             0 bash
[ 4124.024174] [20588]     0 20588   256658   139057  1679360    62049             0 bash
[ 4124.037744] Out of memory: Killed process 20564 (bash) total-vm:1031252kB, anon-rss:555180kB, file-rss:284kB, shmem-rss:0kB, UID:0
[ 4124.384478] oom_reaper: reaped process 20564 (bash), now anon-rss:0kB, file-rss:0kB, shmem-rss:0kB
[ 4208.864866] bash invoked oom-killer: gfp_mask=0x6280ca(GFP_HIGHUSER_MOVABLE|__GFP_ZERO), nodemask=(null), order=0, oom_score_adj=0
[ 4208.869008] bash cpuset=/ mems_allowed=0
[ 4208.870379] CPU: 0 PID: 20588 Comm: bash Kdump: loaded Tainted: G                 ---------r-  - 4.18.0-193.el8.x86_64 #1
[ 4209.087074] [ 1431]     0  1431    59149        0    98304      527             0 bash
[ 4209.090726] [ 1583]     0  1583    59149        1    90112      506             0 bash
[ 4209.096119] [20572]     0 20572   357176   208733  2486272    93090             0 bash
[ 4209.097893] [20588]     0 20588   357935   208296  2490368    94056             0 bash
[ 4209.099697] Out of memory: Killed process 20588 (bash) total-vm:1431740kB, anon-rss:833184kB, file-rss:0kB, shmem-rss:0kB, UID:0
