1638.2 734.8 239764 6284 43.8 0:00.47
1610.5 734.8 251908 18428 44.4 0:01.76
1583.5 734.8 264316 30836 52.9 0:03.04
1555.8 734.8 276460 42980 47.1 0:04.34
1528.1 734.8 288736 55388 50.0 0:05.64
1501.2 734.8 300880 67532 50.0 0:06.93
1474.4 734.8 313024 79676 50.0 0:08.22
1447.4 734.8 325168 91880 44.4 0:09.51
1420.5 734.8 337048 103760 50.0 0:10.80
1392.9 734.8 349192 115904 50.0 0:12.10
1366.1 734.8 361336 128048 50.0 0:13.38
1340.0 734.8 373216 139928 50.0 0:14.67
1316.5 734.8 383380 149960 47.4 0:15.96
1290.6 734.8 395128 161840 38.9 0:17.26
1265.2 734.8 406612 173192 47.1 0:18.55
1237.8 734.8 418624 185336 44.4 0:19.87
1210.6 734.8 430636 197216 50.0 0:21.15
1183.7 734.8 442648 209360 42.1 0:22.44
1156.4 734.8 454792 221504 52.9 0:23.73
1129.4 734.8 466408 233120 44.4 0:25.02
1102.7 734.8 478420 245000 44.4 0:26.32
1080.9 734.8 488452 255032 50.0 0:27.63
1053.7 734.8 499804 266384 50.0 0:28.95
1030.7 734.8 510760 277472 50.0 0:30.29
1005.0 734.8 521584 288296 47.4 0:31.61
978.2 734.8 533596 300176 47.4 0:32.93
950.4 734.8 545872 312584 52.9 0:34.24
923.1 734.8 558016 324728 50.0 0:35.55
895.5 734.8 570292 336872 50.0 0:36.90
870.0 734.8 581776 348488 41.2 0:38.19
843.2 734.8 593524 360104 50.0 0:39.49
816.3 734.8 605140 371720 47.1 0:40.77
789.2 734.8 617416 384128 47.4 0:42.09
763.3 734.8 629032 395744 47.4 0:43.40
735.9 734.8 640912 407624 47.4 0:44.69
708.9 734.8 653056 419768 47.1 0:45.99
681.9 734.8 665068 431648 50.0 0:47.31
655.6 734.8 676948 443528 44.4 0:48.60
629.2 734.8 688432 455144 43.8 0:49.90
601.1 734.8 700840 467552 52.9 0:51.25
574.3 734.8 712720 479432 44.4 0:52.53
547.1 734.8 724864 491576 50.0 0:53.83
520.1 734.8 737008 503720 50.0 0:55.14
493.0 734.8 749152 515864 50.0 0:56.43
466.3 734.8 760900 527480 41.2 0:57.73
439.0 734.8 773044 539624 56.2 0:59.03
411.9 734.8 785188 551768 53.3 1:00.32
385.5 734.8 796936 563648 43.8 1:01.60
358.2 734.8 808816 575528 43.8 1:02.90
330.5 734.8 821224 587936 47.1 1:04.21
302.6 734.8 833500 600080 44.4 1:05.50
275.6 734.8 845776 612488 47.1 1:06.82
248.1 734.8 857788 624368 50.0 1:08.11
220.9 734.8 870064 636776 41.2 1:09.39
193.8 734.8 882076 648656 56.2 1:10.69
166.9 734.8 894352 661064 56.2 1:12.01
139.6 734.8 906496 673208 44.4 1:13.30
113.3 734.8 918244 684824 44.4 1:14.63
85.7 734.8 930256 696968 46.7 1:15.93
58.4 734.8 942664 709376 50.0 1:17.25
69.6 471.7 1063576 634780 38.9 1:30.59
65.6 440.8 1078888 638096 41.2 1:32.20
74.1 384.0 1098952 639220 50.0 1:34.42
63.3 355.5 1111888 642460 38.9 1:35.79
67.8 331.0 1124560 644480 52.9 1:37.18
71.4 273.8 1147000 643012 50.0 1:39.64
77.7 230.5 1160332 640064 46.7 1:41.09
64.9 210.3 1172872 641788 50.0 1:42.43
67.3 165.6 1192672 641720 52.9 1:44.53
74.6 119.5 1207588 643176 44.4 1:46.11
63.6 87.0 1225144 647780 52.9 1:47.98
70.6 45.3 1239928 649332 50.0 1:49.54
73.0 6.6 1253128 650208 42.1 1:50.94
960.5 363.1 1332724 722692 99.9 1:59.56
939.3 363.1 1354108 744340 99.9 2:01.86
919.0 363.1 1375096 765196 99.9 2:04.10
898.3 363.1 1395820 785788 94.1 2:06.33
878.2 363.1 1416544 806644 88.2 2:08.55
857.8 363.1 1437400 827500 94.1 2:10.80
837.5 363.1 1457860 848092 94.1 2:13.03
817.0 363.1 1478980 869212 94.1 2:15.27
796.6 363.1 1499836 889804 99.9 2:17.50
776.9 363.1 1519900 910132 94.1 2:19.73
756.3 363.1 1540756 930724 99.9 2:21.97
737.7 363.1 1560028 949996 94.1 2:24.21
717.4 363.1 1580620 970588 94.1 2:26.45
697.2 363.1 1601080 991180 99.9 2:28.65
656.9 363.2 1621936 988.3m 99.9 2:30.91
636.6 363.2 1661800 1.0g 93.8 2:35.22
616.5 363.2 1682128 1.0g 99.9 2:37.45
596.2 363.2 1702852 1.0g 93.8 2:39.67
576.0 363.2 1723576 1.1g 93.8 2:41.90
555.6 363.2 1744300 1.1g 88.2 2:44.15
535.7 363.2 1765024 1.1g 94.4 2:46.43
514.9 363.2 1785880 1.1g 99.9 2:48.67
494.6 363.2 1806736 1.1g 94.1 2:50.90
474.1 363.2 1827460 1.2g 94.1 2:53.12
454.1 363.2 1848184 1.2g 93.8 2:55.35
434.1 363.2 1868512 1.2g 93.8 2:57.60
413.6 363.2 1889500 1.2g 99.9 2:59.84
393.3 363.2 1910224 1.2g 88.9 3:02.07
372.8 363.2 1931344 1.3g 99.9 3:04.30
352.7 363.2 1951672 1.3g 99.9 3:06.52
332.4 363.2 1972396 1.3g 94.1 3:08.77
311.8 363.2 1993120 1.3g 99.9 3:11.02
291.6 363.2 2013844 1.3g 99.9 3:13.27
271.3 363.2 2034568 1.4g 99.9 3:15.51
250.8 363.2 2055556 1.4g 99.9 3:17.73
230.6 363.2 2076280 1.4g 99.9 3:19.96
210.3 363.2 2096872 1.4g 93.8 3:22.17
190.0 363.2 2117596 1.4g 94.1 3:24.40
169.9 363.2 2138188 1.5g 99.9 3:26.64
149.4 363.2 2159176 1.5g 88.2 3:28.85
128.8 363.2 2180032 1.5g 93.8 3:31.09
108.1 363.4 2200756 1.5g 99.9 3:33.32
86.5 363.5 2221744 1.5g 99.9 3:35.55
66.2 363.5 2242336 1.6g 99.9 3:37.76
77.8 223.4 2292760 1.6g 95.7 3:43.22
62.0 194.6 2418160 1.6g 87.5 3:56.74
78.5 163.7 2444560 1.6g 99.9 3:59.63
72.6 149.4 2464888 1.6g 70.6 4:01.84
67.1 130.0 2491156 1.6g 99.9 4:04.67
69.1 87.0 2523496 1.6g 88.2 4:08.18
70.1 71.7 2543692 1.6g 88.2 4:10.37
65.7 53.0 2567452 1.6g 93.3 4:12.88
70.2 14.0 2597944 1.6g 82.4 4:16.14
66.9 0.0 2619064 1.6g 93.8 4:18.42
1674.1 730.3    
1672.2 730.5    
1668.4 731.0    
1668.4 731.0    
1668.2 731.0    
